# JRE version: OpenJDK Runtime Environment (8.0_242-b01) (build 1.8.0_242-release-1644-b01)
# Java VM: OpenJDK 64-Bit Server VM (25.242-b01 mixed mode windows-amd64 compressed oops)
Heap:
 PSYoungGen      total 335872K, used 71427K [0x00000000d5580000, 0x00000000f0500000, 0x0000000100000000)
  eden space 274944K, 20% used [0x00000000d5580000,0x00000000d8c73fc8,0x00000000e6200000)
  from space 60928K, 24% used [0x00000000e6200000,0x00000000e70ccd88,0x00000000e9d80000)
  to   space 58880K, 0% used [0x00000000ecb80000,0x00000000ecb80000,0x00000000f0500000)
 ParOldGen       total 464384K, used 239496K [0x0000000080000000, 0x000000009c580000, 0x00000000d5580000)
  object space 464384K, 51% used [0x0000000080000000,0x000000008e9e2280,0x000000009c580000)
 Metaspace       used 98494K, capacity 103292K, committed 104448K, reserved 1140736K
  class space    used 12870K, capacity 13845K, committed 14080K, reserved 1048576K
GC Heap History (10 events):
Event: 270.742 GC heap before
{Heap before GC invocations=17 (full 3):
 PSYoungGen      total 232448K, used 134102K [0x00000000d5580000, 0x00000000e8480000, 0x0000000100000000)
  eden space 201728K, 51% used [0x00000000d5580000,0x00000000dba7ce18,0x00000000e1a80000)
  from space 30720K, 99% used [0x00000000e1a80000,0x00000000e3878d58,0x00000000e3880000)
  to   space 37888K, 0% used [0x00000000e5f80000,0x00000000e5f80000,0x00000000e8480000)
 ParOldGen       total 312832K, used 53599K [0x0000000080000000, 0x0000000093180000, 0x00000000d5580000)
  object space 312832K, 17% used [0x0000000080000000,0x0000000083457e08,0x0000000093180000)
 Metaspace       used 92791K, capacity 98462K, committed 98496K, reserved 1134592K
  class space    used 12365K, capacity 13434K, committed 13440K, reserved 1048576K
Event: 270.768 GC heap after
Heap after GC invocations=17 (full 3):
 PSYoungGen      total 263680K, used 37878K [0x00000000d5580000, 0x00000000e9980000, 0x0000000100000000)
  eden space 225792K, 0% used [0x00000000d5580000,0x00000000d5580000,0x00000000e3200000)
  from space 37888K, 99% used [0x00000000e5f80000,0x00000000e847d928,0x00000000e8480000)
  to   space 46592K, 0% used [0x00000000e3200000,0x00000000e3200000,0x00000000e5f80000)
 ParOldGen       total 312832K, used 62434K [0x0000000080000000, 0x0000000093180000, 0x00000000d5580000)
  object space 312832K, 19% used [0x0000000080000000,0x0000000083cf88b8,0x0000000093180000)
 Metaspace       used 92791K, capacity 98462K, committed 98496K, reserved 1134592K
  class space    used 12365K, capacity 13434K, committed 13440K, reserved 1048576K
}
Event: 270.768 GC heap before
{Heap before GC invocations=18 (full 4):
 PSYoungGen      total 263680K, used 37878K [0x00000000d5580000, 0x00000000e9980000, 0x0000000100000000)
  eden space 225792K, 0% used [0x00000000d5580000,0x00000000d5580000,0x00000000e3200000)
  from space 37888K, 99% used [0x00000000e5f80000,0x00000000e847d928,0x00000000e8480000)
  to   space 46592K, 0% used [0x00000000e3200000,0x00000000e3200000,0x00000000e5f80000)
 ParOldGen       total 312832K, used 62434K [0x0000000080000000, 0x0000000093180000, 0x00000000d5580000)
  object space 312832K, 19% used [0x0000000080000000,0x0000000083cf88b8,0x0000000093180000)
 Metaspace       used 92791K, capacity 98462K, committed 98496K, reserved 1134592K
  class space    used 12365K, capacity 13434K, committed 13440K, reserved 1048576K
Event: 270.940 GC heap after
Heap after GC invocations=18 (full 4):
 PSYoungGen      total 263680K, used 0K [0x00000000d5580000, 0x00000000e9980000, 0x0000000100000000)
  eden space 225792K, 0% used [0x00000000d5580000,0x00000000d5580000,0x00000000e3200000)
  from space 37888K, 0% used [0x00000000e5f80000,0x00000000e5f80000,0x00000000e8480000)
  to   space 46592K, 0% used [0x00000000e3200000,0x00000000e3200000,0x00000000e5f80000)
 ParOldGen       total 464384K, used 73980K [0x0000000080000000, 0x000000009c580000, 0x00000000d5580000)
  object space 464384K, 15% used [0x0000000080000000,0x000000008483f098,0x000000009c580000)
 Metaspace       used 92331K, capacity 97084K, committed 98496K, reserved 1134592K
  class space    used 12216K, capacity 13171K, committed 13440K, reserved 1048576K
}
Event: 271.997 GC heap before
{Heap before GC invocations=19 (full 4):
 PSYoungGen      total 263680K, used 223391K [0x00000000d5580000, 0x00000000e9980000, 0x0000000100000000)
  eden space 225792K, 98% used [0x00000000d5580000,0x00000000e2fa7d10,0x00000000e3200000)
  from space 37888K, 0% used [0x00000000e5f80000,0x00000000e5f80000,0x00000000e8480000)
  to   space 46592K, 0% used [0x00000000e3200000,0x00000000e3200000,0x00000000e5f80000)
 ParOldGen       total 464384K, used 90364K [0x0000000080000000, 0x000000009c580000, 0x00000000d5580000)
  object space 464384K, 19% used [0x0000000080000000,0x000000008583f0a8,0x000000009c580000)
 Metaspace       used 93512K, capacity 98220K, committed 99584K, reserved 1134592K
  class space    used 12331K, capacity 13307K, committed 13568K, reserved 1048576K
Event: 272.029 GC heap after
Heap after GC invocations=19 (full 4):
 PSYoungGen      total 272384K, used 46257K [0x00000000d5580000, 0x00000000ed180000, 0x0000000100000000)
  eden space 225792K, 0% used [0x00000000d5580000,0x00000000d5580000,0x00000000e3200000)
  from space 46592K, 99% used [0x00000000e3200000,0x00000000e5f2c420,0x00000000e5f80000)
  to   space 53248K, 0% used [0x00000000e9d80000,0x00000000e9d80000,0x00000000ed180000)
 ParOldGen       total 464384K, used 202518K [0x0000000080000000, 0x000000009c580000, 0x00000000d5580000)
  object space 464384K, 43% used [0x0000000080000000,0x000000008c5c5938,0x000000009c580000)
 Metaspace       used 93512K, capacity 98220K, committed 99584K, reserved 1134592K
  class space    used 12331K, capacity 13307K, committed 13568K, reserved 1048576K
}
Event: 272.722 GC heap before
{Heap before GC invocations=20 (full 4):
 PSYoungGen      total 272384K, used 272049K [0x00000000d5580000, 0x00000000ed180000, 0x0000000100000000)
  eden space 225792K, 100% used [0x00000000d5580000,0x00000000e3200000,0x00000000e3200000)
  from space 46592K, 99% used [0x00000000e3200000,0x00000000e5f2c420,0x00000000e5f80000)
  to   space 53248K, 0% used [0x00000000e9d80000,0x00000000e9d80000,0x00000000ed180000)
 ParOldGen       total 464384K, used 202606K [0x0000000080000000, 0x000000009c580000, 0x00000000d5580000)
  object space 464384K, 43% used [0x0000000080000000,0x000000008c5db970,0x000000009c580000)
 Metaspace       used 93644K, capacity 98348K, committed 99840K, reserved 1136640K
  class space    used 12331K, capacity 13307K, committed 13568K, reserved 1048576K
Event: 272.742 GC heap after
Heap after GC invocations=20 (full 4):
 PSYoungGen      total 328192K, used 51143K [0x00000000d5580000, 0x00000000ee600000, 0x0000000100000000)
  eden space 274944K, 0% used [0x00000000d5580000,0x00000000d5580000,0x00000000e6200000)
  from space 53248K, 96% used [0x00000000e9d80000,0x00000000ecf71fc0,0x00000000ed180000)
  to   space 60928K, 0% used [0x00000000e6200000,0x00000000e6200000,0x00000000e9d80000)
 ParOldGen       total 464384K, used 239478K [0x0000000080000000, 0x000000009c580000, 0x00000000d5580000)
  object space 464384K, 51% used [0x0000000080000000,0x000000008e9dd9b0,0x000000009c580000)
 Metaspace       used 93644K, capacity 98348K, committed 99840K, reserved 1136640K
  class space    used 12331K, capacity 13307K, committed 13568K, reserved 1048576K
}
Event: 279.138 GC heap before
{Heap before GC invocations=21 (full 4):
 PSYoungGen      total 328192K, used 326087K [0x00000000d5580000, 0x00000000ee600000, 0x0000000100000000)
  eden space 274944K, 100% used [0x00000000d5580000,0x00000000e6200000,0x00000000e6200000)
  from space 53248K, 96% used [0x00000000e9d80000,0x00000000ecf71fc0,0x00000000ed180000)
  to   space 60928K, 0% used [0x00000000e6200000,0x00000000e6200000,0x00000000e9d80000)
 ParOldGen       total 464384K, used 239488K [0x0000000080000000, 0x000000009c580000, 0x00000000d5580000)
  object space 464384K, 51% used [0x0000000080000000,0x000000008e9e0280,0x000000009c580000)
 Metaspace       used 98482K, capacity 103292K, committed 104448K, reserved 1140736K
  class space    used 12870K, capacity 13845K, committed 14080K, reserved 1048576K
Event: 279.237 GC heap after
Heap after GC invocations=21 (full 4):
 PSYoungGen      total 335872K, used 15155K [0x00000000d5580000, 0x00000000f0500000, 0x0000000100000000)
  eden space 274944K, 0% used [0x00000000d5580000,0x00000000d5580000,0x00000000e6200000)
  from space 60928K, 24% used [0x00000000e6200000,0x00000000e70ccd88,0x00000000e9d80000)
  to   space 58880K, 0% used [0x00000000ecb80000,0x00000000ecb80000,0x00000000f0500000)
 ParOldGen       total 464384K, used 239496K [0x0000000080000000, 0x000000009c580000, 0x00000000d5580000)
  object space 464384K, 51% used [0x0000000080000000,0x000000008e9e2280,0x000000009c580000)
 Metaspace       used 98482K, capacity 103292K, committed 104448K, reserved 1140736K
  class space    used 12870K, capacity 13845K, committed 14080K, reserved 1048576K
}

